#
# A fatal error has been detected by the Java Runtime Environment:
#
#  EXCEPTION_ACCESS_VIOLATION (0xc0000005) at pc=0x000000018001343b, pid=31528, tid=22672
#
# JRE version: OpenJDK Runtime Environment JBR-17.0.4.1+7-469.62-jcef (17.0.4.1+7) (build 17.0.4.1+7-b469.62)
# Java VM: OpenJDK 64-Bit Server VM JBR-17.0.4.1+7-469.62-jcef (17.0.4.1+7-b469.62, mixed mode, tiered, compressed oops, compressed class ptrs, g1 gc, windows-amd64)
# Problematic frame:
# C  0x000000018001343b
#
# No core dump will be written. Minidumps are not enabled by default on client versions of Windows
#
# If you would like to submit a bug report, please visit:
#   https://youtrack.jetbrains.com/issues/JBR
# The crash happened outside the Java Virtual Machine in native code.
# See problematic frame for where to report the bug.
#

---------------  S U M M A R Y ------------

Command Line: --add-modules=javafx.controls,javafx.media,javafx.swing --module-path=C:\Users\janst\.gradle\caches\modules-2\files-2.1\org.openjfx\javafx-controls\11.0.2\6c763707769c18adce406904c771c2ad1fcc370b\javafx-controls-11.0.2-win.jar;C:\Users\janst\.gradle\caches\modules-2\files-2.1\org.openjfx\javafx-swing\11.0.2\9b5728e61148142fae8c47f6295c84d7a8d6c89\javafx-swing-11.0.2-win.jar;C:\Users\janst\.gradle\caches\modules-2\files-2.1\org.openjfx\javafx-media\11.0.2\a9d052aba5dc676f26b5cfcd33a68e381f08a47a\javafx-media-11.0.2-win.jar;C:\Users\janst\.gradle\caches\modules-2\files-2.1\org.openjfx\javafx-graphics\11.0.2\20459ea2cf714942bcbeb78a7f70ba3531dc1a44\javafx-graphics-11.0.2-win.jar;C:\Users\janst\.gradle\caches\modules-2\files-2.1\org.openjfx\javafx-base\11.0.2\1852e57b8cf9a9b6488c33605bccd5d06ff210e1\javafx-base-11.0.2-win.jar -Dfile.encoding=windows-1252 -Duser.country=US -Duser.language=en -Duser.variant insaniquarium.Main

Host: AMD Ryzen 5 3600 6-Core Processor              , 12 cores, 15G,  Windows 10 , 64 bit Build 19041 (10.0.19041.2788)
Time: Tue May  9 23:37:53 2023 Romance Daylight Time elapsed time: 1.232073 seconds (0d 0h 0m 1s)

---------------  T H R E A D  ---------------

Current thread (0x0000026d7b24c840):  JavaThread "JavaFX Application Thread" [_thread_in_native, id=22672, stack(0x000000f86e000000,0x000000f86e100000)]

Stack: [0x000000f86e000000,0x000000f86e100000],  sp=0x000000f86e0fdfd8,  free space=1015k
Native frames: (J=compiled Java code, j=interpreted, Vv=VM code, C=native code)
C  0x000000018001343b

Java frames: (J=compiled Java code, j=interpreted, Vv=VM code)
j  jouvieje.bass.BassJNI.Bass_BASS_MusicLoad(Z[BJIII)J+0
j  jouvieje.bass.Bass.BASS_MusicLoad(ZLjava/lang/String;JIII)Ljouvieje/bass/structures/HMUSIC;+20
j  insaniquarium.game.SoundManager.<init>()V+93
j  insaniquarium.game.SoundManager.getInstance()Linsaniquarium/game/SoundManager;+10
j  insaniquarium.game.gamesystem.GameEntity.<init>(Linsaniquarium/game/gamesystem/GameData;)V+426
j  insaniquarium.game.gamesystem.GameData.<init>(Linsaniquarium/game/LevelData;)V+147
j  insaniquarium.game.Game.initGame()V+68
j  insaniquarium.Main.start(Ljavafx/stage/Stage;)V+311
j  com.sun.javafx.application.LauncherImpl.lambda$launchApplication1$9(Ljava/util/concurrent/atomic/AtomicBoolean;Ljavafx/application/Application;)V+20 javafx.graphics
j  com.sun.javafx.application.LauncherImpl$$Lambda$89+0x00000008001031c0.run()V+8 javafx.graphics
j  com.sun.javafx.application.PlatformImpl.lambda$runAndWait$12(Ljava/lang/Runnable;Ljava/util/concurrent/CountDownLatch;)V+1 javafx.graphics
j  com.sun.javafx.application.PlatformImpl$$Lambda$82+0x00000008000ffa80.run()V+8 javafx.graphics
j  com.sun.javafx.application.PlatformImpl.lambda$runLater$10(Ljava/lang/Runnable;)Ljava/lang/Void;+1 javafx.graphics
j  com.sun.javafx.application.PlatformImpl$$Lambda$84+0x0000000800104f70.run()Ljava/lang/Object;+4 javafx.graphics
j  java.security.AccessController.executePrivileged(Ljava/security/PrivilegedAction;Ljava/security/AccessControlContext;Ljava/lang/Class;)Ljava/lang/Object;+29 java.base@17.0.4.1
j  java.security.AccessController.doPrivileged(Ljava/security/PrivilegedAction;Ljava/security/AccessControlContext;)Ljava/lang/Object;+13 java.base@17.0.4.1
j  com.sun.javafx.application.PlatformImpl.lambda$runLater$11(Ljava/lang/Runnable;Ljava/security/AccessControlContext;)V+7 javafx.graphics
j  com.sun.javafx.application.PlatformImpl$$Lambda$83+0x0000000800104650.run()V+8 javafx.graphics
j  com.sun.glass.ui.InvokeLaterDispatcher$Future.run()V+4 javafx.graphics
v  ~StubRoutines::call_stub
j  com.sun.glass.ui.win.WinApplication._runLoop(Ljava/lang/Runnable;)V+0 javafx.graphics
j  com.sun.glass.ui.win.WinApplication.lambda$runLoop$3(ILjava/lang/Runnable;)V+8 javafx.graphics
j  com.sun.glass.ui.win.WinApplication$$Lambda$72+0x00000008000ed8f8.run()V+12 javafx.graphics
j  java.lang.Thread.run()V+11 java.base@17.0.4.1
v  ~StubRoutines::call_stub

siginfo: EXCEPTION_ACCESS_VIOLATION (0xc0000005), reading address 0x0000026d0d87fff6


Register to memory mapping:

RIP=0x000000018001343b points into unknown readable memory: 41 81 38 c1 83
RAX=0x000000000008001f is an unknown value
RBX=0x000000000008001f is an unknown value
RCX=0x0000000180066000 points into unknown readable memory: 0x0000026d0d87fff6 | f6 ff 87 0d 6d 02 00 00
RDX=0x000000000008001f is an unknown value
RSP=0x000000f86e0fdfd8 is pointing into the stack for thread: 0x0000026d7b24c840
RBP=0x000000000000ac44 is an unknown value
RSI=0x0000026d0d87fff6 is an unknown value
RDI=0x0000026d7f37be90 points into unknown readable memory: 0x0000000000000000 | 00 00 00 00 00 00 00 00
R8 =0x0000026d0d87fff6 is an unknown value
R9 =0x0000000180066000 points into unknown readable memory: 0x0000026d0d87fff6 | f6 ff 87 0d 6d 02 00 00
R10=0x00000000ffff8000 is an unknown value
R11=4096 is a compressed pointer to class: 0x0000000800001000
jdk.internal.module.ModuleInfo {0x0000000800001008}
 - instance size:     3
 - klass size:        70
 - access:            public final synchronized 
 - state:             fully_initialized
 - name:              'jdk/internal/module/ModuleInfo'
 - super:             'java/lang/Object'
 - sub:               
 - arrays:            NULL
 - methods:           Array<T>(0x0000026d7a1ccbd8)
 - method ordering:   Array<T>(0x0000026d79c00018)
 - default_methods:   Array<T>(0x0000000000000000)
 - local interfaces:  Array<T>(0x0000026d79c00058)
 - trans. interfaces: Array<T>(0x0000026d79c00058)
 - constants:         constant pool [657] {0x0000026d7a1cb548} for 'jdk/internal/module/ModuleInfo' cache=0x0000026d7a1cec78
 - class loader data:  loader data: 0x0000026d797f4800 of 'bootstrap'
 - source file:       'ModuleInfo.java'
 - class annotations:       Array<T>(0x0000000000000000)
 - class type annotations:  Array<T>(0x0000000000000000)
 - field annotations:       Array<T>(0x0000000000000000)
 - field type annotations:  Array<T>(0x0000000000000000)
 - inner classes:     Array<T>(0x0000026d7a1cebd0)
 - nest members:     Array<T>(0x0000026d7a1cec60)
 - permitted subclasses:     Array<T>(0x0000026d79c00028)
 - java mirror:       a 'java/lang/Class'{0x000000070a02f9c0} = 'jdk/internal/module/ModuleInfo'
 - vtable length      5  (start addr: 0x00000008000011f0)
 - itable length      2 (start addr: 0x0000000800001218)
 - ---- static fields (2 words):
 - private static final 'JLMA' 'Ljdk/internal/access/JavaLangModuleAccess;' @112 
 - private static volatile 'predefinedNotAllowed' 'Ljava/util/Set;' @116 
 - static final synthetic '$assertionsDisabled' 'Z' @120 
 - ---- non-static fields (2 words):
 - private final 'parseHashes' 'Z' @12 
 - private final 'packageFinder' 'Ljava/util/function/Supplier;' @16 
 - non-static oop maps: 16-16 
R12=0x0000000000000001 is an unknown value
R13=0x0 is NULL
R14=0x000000000000ac44 is an unknown value
R15=0x0000000000000001 is an unknown value


Registers:
RAX=0x000000000008001f, RBX=0x000000000008001f, RCX=0x0000000180066000, RDX=0x000000000008001f
RSP=0x000000f86e0fdfd8, RBP=0x000000000000ac44, RSI=0x0000026d0d87fff6, RDI=0x0000026d7f37be90
R8 =0x0000026d0d87fff6, R9 =0x0000000180066000, R10=0x00000000ffff8000, R11=0x0000000000001000
R12=0x0000000000000001, R13=0x0000000000000000, R14=0x000000000000ac44, R15=0x0000000000000001
RIP=0x000000018001343b, EFLAGS=0x0000000000010202

Top of Stack: (sp=0x000000f86e0fdfd8)
0x000000f86e0fdfd8:   000000018001ee49 0000026d7f37be90
0x000000f86e0fdfe8:   000000000008001f 0000026d0d9613a0
0x000000f86e0fdff8:   0000000000000000 0000026d7f37be90
0x000000f86e0fe008:   0000000180024974 000000000008001f
0x000000f86e0fe018:   0000026d7f371470 0000026d0d9613a0
0x000000f86e0fe028:   0000026d0d74099c 0000026d00000000
0x000000f86e0fe038:   00007ffe00000004 0000000000000000
0x000000f86e0fe048:   0000000000000000 73726573555c3a43
0x000000f86e0fe058:   495c74736e616a5c 756972617571696e
0x000000f86e0fe068:   6c6975625c32766d 0000026d7b24c840
0x000000f86e0fe078:   000000f86e0fe1d0 0000026d0dd65e70
0x000000f86e0fe088:   0000000000000000 0000026d0d9613a0
0x000000f86e0fe098:   0000026d0d731492 0000000000000000
0x000000f86e0fe0a8:   000000f86e0fe1c8 0000026d7b24cae8
0x000000f86e0fe0b8:   0000000000000000 0000026d00000000
0x000000f86e0fe0c8:   0000000000000000 0000000000000000 

Instructions: (pc=0x000000018001343b)
0x000000018001333b:   8b 05 bf 2c 05 00 0f b6 04 02 83 c2 01 89 15 be
0x000000018001334b:   2c 05 00 c3 cc 48 89 5c 24 08 48 89 6c 24 10 48
0x000000018001335b:   89 74 24 18 57 48 83 ec 20 48 63 da 8b 15 9f 2c
0x000000018001336b:   05 00 33 ed 8d 04 1a 48 8b f1 bf 01 00 00 00 3b
0x000000018001337b:   05 88 2c 05 00 7e 1d 4c 8b c3 33 d2 e8 6a 92 01
0x000000018001338b:   00 8b 1d 76 2c 05 00 8b 15 74 2c 05 00 2b da 8b
0x000000018001339b:   fd 0f 48 dd 3b dd 7e 1b 48 63 d2 4c 63 c3 48 8b
0x00000001800133ab:   ce 48 03 15 4d 2c 05 00 e8 38 92 01 00 01 1d 4e
0x00000001800133bb:   2c 05 00 48 8b 5c 24 30 48 8b 6c 24 38 48 8b 74
0x00000001800133cb:   24 40 8b c7 48 83 c4 20 5f c3 cc cc cc 48 63 15
0x00000001800133db:   2d 2c 05 00 48 8b c2 03 d1 8b 0d 1e 2c 05 00 48
0x00000001800133eb:   03 05 0f 2c 05 00 3b d1 0f 4f d1 89 15 10 2c 05
0x00000001800133fb:   00 c3 cc cc cc 48 89 5c 24 08 57 48 83 ec 20 48
0x000000018001340b:   63 f9 48 8b cf e8 eb db fe ff 8b d7 48 8b c8 48
0x000000018001341b:   8b d8 e8 2e ff ff ff 48 8b c3 48 8b 5c 24 30 48
0x000000018001342b:   83 c4 20 5f c3 48 89 7c 24 08 4c 8b 01 4c 8b c9
0x000000018001343b:   41 81 38 c1 83 2a 9e 0f 85 83 00 00 00 45 8b 50
0x000000018001344b:   0c 41 8b 50 10 4d 63 58 04 45 85 d2 74 2f 49 83
0x000000018001345b:   fb 40 7d 17 48 83 c9 ff 33 c0 48 63 fa 49 03 f8
0x000000018001346b:   f2 ae 48 f7 d1 48 83 e9 01 eb 08 48 63 c2 42 0f
0x000000018001347b:   b6 0c 00 41 83 ea 01 8d 54 0a 05 75 d1 41 83 78
0x000000018001348b:   04 3e b8 07 00 00 00 8d 48 fc 0f 4c c1 03 d0 48
0x000000018001349b:   63 c2 42 80 3c 00 00 7d 10 4a 8d 0c 00 48 83 c1
0x00000001800134ab:   01 83 c2 01 80 39 00 7c f4 83 c2 01 b8 01 00 00
0x00000001800134bb:   00 48 63 ca 49 03 c8 41 29 51 08 49 89 09 eb 02
0x00000001800134cb:   33 c0 48 8b 7c 24 08 c3 cc 33 c0 c7 05 08 29 05
0x00000001800134db:   00 01 00 00 00 89 05 ae 3a 05 00 89 05 00 29 05
0x00000001800134eb:   00 89 05 b2 46 05 00 c3 cc 4c 63 0d ed 28 05 00
0x00000001800134fb:   4c 8b 05 86 60 05 00 43 88 0c 01 41 83 c1 01 49
0x000000018001350b:   63 c1 41 83 c1 01 42 88 14 00 44 89 0d cc 28 05
0x000000018001351b:   00 c3 cc cc cc 48 83 ec 28 8a c1 0a c2 74 08 80
0x000000018001352b:   c1 03 e8 c2 ff ff ff 48 83 c4 28 c3 cc 48 89 5c 


Stack slot to memory mapping:
stack at sp + 0 slots: 0x000000018001ee49 points into unknown readable memory: e8 2e fe ff ff 48 85
stack at sp + 1 slots: 0x0000026d7f37be90 points into unknown readable memory: 0x0000000000000000 | 00 00 00 00 00 00 00 00
stack at sp + 2 slots: 0x000000000008001f is an unknown value
stack at sp + 3 slots: 0x0000026d0d9613a0 points into unknown readable memory: 0x73726573555c3a43 | 43 3a 5c 55 73 65 72 73
stack at sp + 4 slots: 0x0 is NULL
stack at sp + 5 slots: 0x0000026d7f37be90 points into unknown readable memory: 0x0000000000000000 | 00 00 00 00 00 00 00 00
stack at sp + 6 slots: 0x0000000180024974 points into unknown readable memory: 48 8b f0 ff
stack at sp + 7 slots: 0x000000000008001f is an unknown value


---------------  P R O C E S S  ---------------

Threads class SMR info:
_java_thread_list=0x0000026d7bafab20, length=21, elements={
0x0000026d5a862ee0, 0x0000026d7a4417f0, 0x0000026d7a442e00, 0x0000026d7a47a9b0,
0x0000026d7a4983e0, 0x0000026d7a49eeb0, 0x0000026d7a4a0000, 0x0000026d7a4a13a0,
0x0000026d7a4a7be0, 0x0000026d7a4a92a0, 0x0000026d7a60cf30, 0x0000026d7a71a530,
0x0000026d7a7804a0, 0x0000026d7ad351c0, 0x0000026d7b18f020, 0x0000026d7b24b3f0,
0x0000026d7b24c840, 0x0000026d7b890a20, 0x0000026d7b9a02c0, 0x0000026d7bba8580,
0x0000026d0c5af730
}

Java Threads: ( => current thread )
  0x0000026d5a862ee0 JavaThread "main" [_thread_blocked, id=29664, stack(0x000000f86c900000,0x000000f86ca00000)]
  0x0000026d7a4417f0 JavaThread "Reference Handler" daemon [_thread_blocked, id=2392, stack(0x000000f86d000000,0x000000f86d100000)]
  0x0000026d7a442e00 JavaThread "Finalizer" daemon [_thread_blocked, id=17068, stack(0x000000f86d100000,0x000000f86d200000)]
  0x0000026d7a47a9b0 JavaThread "Signal Dispatcher" daemon [_thread_blocked, id=24648, stack(0x000000f86d200000,0x000000f86d300000)]
  0x0000026d7a4983e0 JavaThread "Attach Listener" daemon [_thread_blocked, id=25220, stack(0x000000f86d300000,0x000000f86d400000)]
  0x0000026d7a49eeb0 JavaThread "Service Thread" daemon [_thread_blocked, id=31320, stack(0x000000f86d400000,0x000000f86d500000)]
  0x0000026d7a4a0000 JavaThread "Monitor Deflation Thread" daemon [_thread_blocked, id=20600, stack(0x000000f86d500000,0x000000f86d600000)]
  0x0000026d7a4a13a0 JavaThread "C2 CompilerThread0" daemon [_thread_blocked, id=27844, stack(0x000000f86d600000,0x000000f86d700000)]
  0x0000026d7a4a7be0 JavaThread "C1 CompilerThread0" daemon [_thread_blocked, id=24800, stack(0x000000f86d700000,0x000000f86d800000)]
  0x0000026d7a4a92a0 JavaThread "Sweeper thread" daemon [_thread_blocked, id=21820, stack(0x000000f86d800000,0x000000f86d900000)]
  0x0000026d7a60cf30 JavaThread "Common-Cleaner" daemon [_thread_blocked, id=15764, stack(0x000000f86d900000,0x000000f86da00000)]
  0x0000026d7a71a530 JavaThread "C2 CompilerThread1" daemon [_thread_blocked, id=5180, stack(0x000000f86da00000,0x000000f86db00000)]
  0x0000026d7a7804a0 JavaThread "C2 CompilerThread2" daemon [_thread_blocked, id=32296, stack(0x000000f86db00000,0x000000f86dc00000)]
  0x0000026d7ad351c0 JavaThread "Notification Thread" daemon [_thread_blocked, id=6456, stack(0x000000f86dc00000,0x000000f86dd00000)]
  0x0000026d7b18f020 JavaThread "QuantumRenderer-0" daemon [_thread_blocked, id=29296, stack(0x000000f86de00000,0x000000f86df00000)]
  0x0000026d7b24b3f0 JavaThread "InvokeLaterDispatcher" daemon [_thread_blocked, id=31088, stack(0x000000f86df00000,0x000000f86e000000)]
=>0x0000026d7b24c840 JavaThread "JavaFX Application Thread" [_thread_in_native, id=22672, stack(0x000000f86e000000,0x000000f86e100000)]
  0x0000026d7b890a20 JavaThread "JavaFX-Launcher" [_thread_blocked, id=508, stack(0x000000f86ee00000,0x000000f86ef00000)]
  0x0000026d7b9a02c0 JavaThread "Thread-2" daemon [_thread_in_native, id=26368, stack(0x000000f86ed00000,0x000000f86ee00000)]
  0x0000026d7bba8580 JavaThread "Java2D Disposer" daemon [_thread_blocked, id=15348, stack(0x000000f86f400000,0x000000f86f500000)]
  0x0000026d0c5af730 JavaThread "Prism Font Disposer" daemon [_thread_blocked, id=7548, stack(0x000000f86f800000,0x000000f86f900000)]

Other Threads:
  0x0000026d7994e390 VMThread "VM Thread" [stack: 0x000000f86cf00000,0x000000f86d000000] [id=2148]
  0x0000026d7ac62d50 WatcherThread [stack: 0x000000f86dd00000,0x000000f86de00000] [id=9860]
  0x0000026d5a8ce830 GCTaskThread "GC Thread#0" [stack: 0x000000f86ca00000,0x000000f86cb00000] [id=32104]
  0x0000026d7b8c75e0 GCTaskThread "GC Thread#1" [stack: 0x000000f86ef00000,0x000000f86f000000] [id=22748]
  0x0000026d7b8c7890 GCTaskThread "GC Thread#2" [stack: 0x000000f86f000000,0x000000f86f100000] [id=21796]
  0x0000026d7b8c7b40 GCTaskThread "GC Thread#3" [stack: 0x000000f86f100000,0x000000f86f200000] [id=26060]
  0x0000026d7b8c7df0 GCTaskThread "GC Thread#4" [stack: 0x000000f86f200000,0x000000f86f300000] [id=9200]
  0x0000026d7b8c80a0 GCTaskThread "GC Thread#5" [stack: 0x000000f86f300000,0x000000f86f400000] [id=31888]
  0x0000026d0c467420 GCTaskThread "GC Thread#6" [stack: 0x000000f86f900000,0x000000f86fa00000] [id=31324]
  0x0000026d0ca14b90 GCTaskThread "GC Thread#7" [stack: 0x000000f86fa00000,0x000000f86fb00000] [id=1408]
  0x0000026d5a8df6b0 ConcurrentGCThread "G1 Main Marker" [stack: 0x000000f86cb00000,0x000000f86cc00000] [id=21600]
  0x0000026d5a8e0860 ConcurrentGCThread "G1 Conc#0" [stack: 0x000000f86cc00000,0x000000f86cd00000] [id=24188]
  0x0000026d5a92da10 ConcurrentGCThread "G1 Refine#0" [stack: 0x000000f86cd00000,0x000000f86ce00000] [id=10784]
  0x0000026d5a92e430 ConcurrentGCThread "G1 Service" [stack: 0x000000f86ce00000,0x000000f86cf00000] [id=32044]

Threads with active compile tasks:

VM state: not at safepoint (normal execution)

VM Mutex/Monitor currently owned by a thread: None

Heap address: 0x0000000700c00000, size: 4084 MB, Compressed Oops mode: Zero based, Oop shift amount: 3

CDS archive(s) not mapped
Compressed class space mapped at: 0x0000000800000000-0x0000000840000000, reserved size: 1073741824
Narrow klass base: 0x0000000800000000, Narrow klass shift: 0, Narrow klass range: 0x40000000

GC Precious Log:
 CPUs: 12 total, 12 available
 Memory: 16334M
 Large Page Support: Disabled
 NUMA Support: Disabled
 Compressed Oops: Enabled (Zero based)
 Heap Region Size: 2M
 Heap Min Capacity: 8M
 Heap Initial Capacity: 256M
 Heap Max Capacity: 4084M
 Pre-touch: Disabled
 Parallel Workers: 10
 Concurrent Workers: 3
 Concurrent Refinement Workers: 10
 Periodic GC: Disabled

Heap:
 garbage-first heap   total 262144K, used 131817K [0x0000000700c00000, 0x0000000800000000)
  region size 2048K, 53 young (108544K), 4 survivors (8192K)
 Metaspace       used 19795K, committed 19968K, reserved 1073152K
  class space    used 2333K, committed 2432K, reserved 1048576K

Heap Regions: E=young(eden), S=young(survivor), O=old, HS=humongous(starts), HC=humongous(continues), CS=collection set, F=free, OA=open archive, CA=closed archive, TAMS=top-at-mark-start (previous, next)
|   0|0x0000000700c00000, 0x0000000700e00000, 0x0000000700e00000|100%|HS|  |TAMS 0x0000000700c00000, 0x0000000700c00000| Complete 
|   1|0x0000000700e00000, 0x0000000701000000, 0x0000000701000000|100%|HS|  |TAMS 0x0000000700e00000, 0x0000000700e00000| Complete 
|   2|0x0000000701000000, 0x0000000701200000, 0x0000000701200000|100%|HS|  |TAMS 0x0000000701000000, 0x0000000701000000| Complete 
|   3|0x0000000701200000, 0x0000000701400000, 0x0000000701400000|100%|HS|  |TAMS 0x0000000701200000, 0x0000000701200000| Complete 
|   4|0x0000000701400000, 0x0000000701600000, 0x0000000701600000|100%|HS|  |TAMS 0x0000000701400000, 0x0000000701400000| Complete 
|   5|0x0000000701600000, 0x0000000701800000, 0x0000000701800000|100%|HS|  |TAMS 0x0000000701600000, 0x0000000701600000| Complete 
|   6|0x0000000701800000, 0x0000000701a00000, 0x0000000701a00000|100%|HS|  |TAMS 0x0000000701800000, 0x0000000701800000| Complete 
|   7|0x0000000701a00000, 0x0000000701c00000, 0x0000000701c00000|100%|HS|  |TAMS 0x0000000701a00000, 0x0000000701a00000| Complete 
|   8|0x0000000701c00000, 0x0000000701e00000, 0x0000000701e00000|100%|HS|  |TAMS 0x0000000701c00000, 0x0000000701c00000| Complete 
|   9|0x0000000701e00000, 0x0000000702000000, 0x0000000702000000|100%|HS|  |TAMS 0x0000000701e00000, 0x0000000701e00000| Complete 
|  10|0x0000000702000000, 0x0000000702200000, 0x0000000702200000|100%|HS|  |TAMS 0x0000000702000000, 0x0000000702000000| Complete 
|  11|0x0000000702200000, 0x0000000702400000, 0x0000000702400000|100%|HS|  |TAMS 0x0000000702200000, 0x0000000702200000| Complete 
|  12|0x0000000702400000, 0x0000000702600000, 0x0000000702600000|100%|HS|  |TAMS 0x0000000702400000, 0x0000000702400000| Complete 
|  13|0x0000000702600000, 0x0000000702600000, 0x0000000702800000|  0%| F|  |TAMS 0x0000000702600000, 0x0000000702600000| Untracked 
|  14|0x0000000702800000, 0x0000000702800000, 0x0000000702a00000|  0%| F|  |TAMS 0x0000000702800000, 0x0000000702800000| Untracked 
|  15|0x0000000702a00000, 0x0000000702a00000, 0x0000000702c00000|  0%| F|  |TAMS 0x0000000702a00000, 0x0000000702a00000| Untracked 
|  16|0x0000000702c00000, 0x0000000702c00000, 0x0000000702e00000|  0%| F|  |TAMS 0x0000000702c00000, 0x0000000702c00000| Untracked 
|  17|0x0000000702e00000, 0x0000000702e00000, 0x0000000703000000|  0%| F|  |TAMS 0x0000000702e00000, 0x0000000702e00000| Untracked 
|  18|0x0000000703000000, 0x0000000703000000, 0x0000000703200000|  0%| F|  |TAMS 0x0000000703000000, 0x0000000703000000| Untracked 
|  19|0x0000000703200000, 0x0000000703200000, 0x0000000703400000|  0%| F|  |TAMS 0x0000000703200000, 0x0000000703200000| Untracked 
|  20|0x0000000703400000, 0x0000000703400000, 0x0000000703600000|  0%| F|  |TAMS 0x0000000703400000, 0x0000000703400000| Untracked 
|  21|0x0000000703600000, 0x0000000703600000, 0x0000000703800000|  0%| F|  |TAMS 0x0000000703600000, 0x0000000703600000| Untracked 
|  22|0x0000000703800000, 0x0000000703800000, 0x0000000703a00000|  0%| F|  |TAMS 0x0000000703800000, 0x0000000703800000| Untracked 
|  23|0x0000000703a00000, 0x0000000703a00000, 0x0000000703c00000|  0%| F|  |TAMS 0x0000000703a00000, 0x0000000703a00000| Untracked 
|  24|0x0000000703c00000, 0x0000000703c00000, 0x0000000703e00000|  0%| F|  |TAMS 0x0000000703c00000, 0x0000000703c00000| Untracked 
|  25|0x0000000703e00000, 0x0000000703e00000, 0x0000000704000000|  0%| F|  |TAMS 0x0000000703e00000, 0x0000000703e00000| Untracked 
|  26|0x0000000704000000, 0x0000000704000000, 0x0000000704200000|  0%| F|  |TAMS 0x0000000704000000, 0x0000000704000000| Untracked 
|  27|0x0000000704200000, 0x0000000704200000, 0x0000000704400000|  0%| F|  |TAMS 0x0000000704200000, 0x0000000704200000| Untracked 
|  28|0x0000000704400000, 0x0000000704400000, 0x0000000704600000|  0%| F|  |TAMS 0x0000000704400000, 0x0000000704400000| Untracked 
|  29|0x0000000704600000, 0x0000000704600000, 0x0000000704800000|  0%| F|  |TAMS 0x0000000704600000, 0x0000000704600000| Untracked 
|  30|0x0000000704800000, 0x0000000704800000, 0x0000000704a00000|  0%| F|  |TAMS 0x0000000704800000, 0x0000000704800000| Untracked 
|  31|0x0000000704a00000, 0x0000000704a00000, 0x0000000704c00000|  0%| F|  |TAMS 0x0000000704a00000, 0x0000000704a00000| Untracked 
|  32|0x0000000704c00000, 0x0000000704c00000, 0x0000000704e00000|  0%| F|  |TAMS 0x0000000704c00000, 0x0000000704c00000| Untracked 
|  33|0x0000000704e00000, 0x0000000704e00000, 0x0000000705000000|  0%| F|  |TAMS 0x0000000704e00000, 0x0000000704e00000| Untracked 
|  34|0x0000000705000000, 0x0000000705000000, 0x0000000705200000|  0%| F|  |TAMS 0x0000000705000000, 0x0000000705000000| Untracked 
|  35|0x0000000705200000, 0x0000000705200000, 0x0000000705400000|  0%| F|  |TAMS 0x0000000705200000, 0x0000000705200000| Untracked 
|  36|0x0000000705400000, 0x0000000705400000, 0x0000000705600000|  0%| F|  |TAMS 0x0000000705400000, 0x0000000705400000| Untracked 
|  37|0x0000000705600000, 0x0000000705600000, 0x0000000705800000|  0%| F|  |TAMS 0x0000000705600000, 0x0000000705600000| Untracked 
|  38|0x0000000705800000, 0x0000000705800000, 0x0000000705a00000|  0%| F|  |TAMS 0x0000000705800000, 0x0000000705800000| Untracked 
|  39|0x0000000705a00000, 0x0000000705a00000, 0x0000000705c00000|  0%| F|  |TAMS 0x0000000705a00000, 0x0000000705a00000| Untracked 
|  40|0x0000000705c00000, 0x0000000705c00000, 0x0000000705e00000|  0%| F|  |TAMS 0x0000000705c00000, 0x0000000705c00000| Untracked 
|  41|0x0000000705e00000, 0x0000000705e00000, 0x0000000706000000|  0%| F|  |TAMS 0x0000000705e00000, 0x0000000705e00000| Untracked 
|  42|0x0000000706000000, 0x0000000706000000, 0x0000000706200000|  0%| F|  |TAMS 0x0000000706000000, 0x0000000706000000| Untracked 
|  43|0x0000000706200000, 0x0000000706200000, 0x0000000706400000|  0%| F|  |TAMS 0x0000000706200000, 0x0000000706200000| Untracked 
|  44|0x0000000706400000, 0x0000000706400000, 0x0000000706600000|  0%| F|  |TAMS 0x0000000706400000, 0x0000000706400000| Untracked 
|  45|0x0000000706600000, 0x0000000706600000, 0x0000000706800000|  0%| F|  |TAMS 0x0000000706600000, 0x0000000706600000| Untracked 
|  46|0x0000000706800000, 0x0000000706800000, 0x0000000706a00000|  0%| F|  |TAMS 0x0000000706800000, 0x0000000706800000| Untracked 
|  47|0x0000000706a00000, 0x0000000706a00000, 0x0000000706c00000|  0%| F|  |TAMS 0x0000000706a00000, 0x0000000706a00000| Untracked 
|  48|0x0000000706c00000, 0x0000000706c00000, 0x0000000706e00000|  0%| F|  |TAMS 0x0000000706c00000, 0x0000000706c00000| Untracked 
|  49|0x0000000706e00000, 0x0000000706e00000, 0x0000000707000000|  0%| F|  |TAMS 0x0000000706e00000, 0x0000000706e00000| Untracked 
|  50|0x0000000707000000, 0x0000000707000000, 0x0000000707200000|  0%| F|  |TAMS 0x0000000707000000, 0x0000000707000000| Untracked 
|  51|0x0000000707200000, 0x0000000707200000, 0x0000000707400000|  0%| F|  |TAMS 0x0000000707200000, 0x0000000707200000| Untracked 
|  52|0x0000000707400000, 0x0000000707400000, 0x0000000707600000|  0%| F|  |TAMS 0x0000000707400000, 0x0000000707400000| Untracked 
|  53|0x0000000707600000, 0x0000000707600000, 0x0000000707800000|  0%| F|  |TAMS 0x0000000707600000, 0x0000000707600000| Untracked 
|  54|0x0000000707800000, 0x0000000707800000, 0x0000000707a00000|  0%| F|  |TAMS 0x0000000707800000, 0x0000000707800000| Untracked 
|  55|0x0000000707a00000, 0x0000000707a00000, 0x0000000707c00000|  0%| F|  |TAMS 0x0000000707a00000, 0x0000000707a00000| Untracked 
|  56|0x0000000707c00000, 0x0000000707c00000, 0x0000000707e00000|  0%| F|  |TAMS 0x0000000707c00000, 0x0000000707c00000| Untracked 
|  57|0x0000000707e00000, 0x0000000707e00000, 0x0000000708000000|  0%| F|  |TAMS 0x0000000707e00000, 0x0000000707e00000| Untracked 
|  58|0x0000000708000000, 0x0000000708000000, 0x0000000708200000|  0%| F|  |TAMS 0x0000000708000000, 0x0000000708000000| Untracked 
|  59|0x0000000708200000, 0x0000000708200000, 0x0000000708400000|  0%| F|  |TAMS 0x0000000708200000, 0x0000000708200000| Untracked 
|  60|0x0000000708400000, 0x0000000708400000, 0x0000000708600000|  0%| F|  |TAMS 0x0000000708400000, 0x0000000708400000| Untracked 
|  61|0x0000000708600000, 0x0000000708600000, 0x0000000708800000|  0%| F|  |TAMS 0x0000000708600000, 0x0000000708600000| Untracked 
|  62|0x0000000708800000, 0x0000000708800000, 0x0000000708a00000|  0%| F|  |TAMS 0x0000000708800000, 0x0000000708800000| Untracked 
|  63|0x0000000708a00000, 0x0000000708a00000, 0x0000000708c00000|  0%| F|  |TAMS 0x0000000708a00000, 0x0000000708a00000| Untracked 
|  64|0x0000000708c00000, 0x0000000708c00000, 0x0000000708e00000|  0%| F|  |TAMS 0x0000000708c00000, 0x0000000708c00000| Untracked 
|  65|0x0000000708e00000, 0x0000000708e00000, 0x0000000709000000|  0%| F|  |TAMS 0x0000000708e00000, 0x0000000708e00000| Untracked 
|  66|0x0000000709000000, 0x0000000709000000, 0x0000000709200000|  0%| F|  |TAMS 0x0000000709000000, 0x0000000709000000| Untracked 
|  67|0x0000000709200000, 0x0000000709200000, 0x0000000709400000|  0%| F|  |TAMS 0x0000000709200000, 0x0000000709200000| Untracked 
|  68|0x0000000709400000, 0x0000000709400000, 0x0000000709600000|  0%| F|  |TAMS 0x0000000709400000, 0x0000000709400000| Untracked 
|  69|0x0000000709600000, 0x0000000709600000, 0x0000000709800000|  0%| F|  |TAMS 0x0000000709600000, 0x0000000709600000| Untracked 
|  70|0x0000000709800000, 0x0000000709800000, 0x0000000709a00000|  0%| F|  |TAMS 0x0000000709800000, 0x0000000709800000| Untracked 
|  71|0x0000000709a00000, 0x0000000709a00000, 0x0000000709c00000|  0%| F|  |TAMS 0x0000000709a00000, 0x0000000709a00000| Untracked 
|  72|0x0000000709c00000, 0x0000000709c00000, 0x0000000709e00000|  0%| F|  |TAMS 0x0000000709c00000, 0x0000000709c00000| Untracked 
|  73|0x0000000709e00000, 0x0000000709e00000, 0x000000070a000000|  0%| F|  |TAMS 0x0000000709e00000, 0x0000000709e00000| Untracked 
|  74|0x000000070a000000, 0x000000070a0ba478, 0x000000070a200000| 36%| S|CS|TAMS 0x000000070a000000, 0x000000070a000000| Complete 
|  75|0x000000070a200000, 0x000000070a400000, 0x000000070a400000|100%| S|CS|TAMS 0x000000070a200000, 0x000000070a200000| Complete 
|  76|0x000000070a400000, 0x000000070a600000, 0x000000070a600000|100%| S|CS|TAMS 0x000000070a400000, 0x000000070a400000| Complete 
|  77|0x000000070a600000, 0x000000070a800000, 0x000000070a800000|100%| S|CS|TAMS 0x000000070a600000, 0x000000070a600000| Complete 
|  78|0x000000070a800000, 0x000000070a800000, 0x000000070aa00000|  0%| F|  |TAMS 0x000000070a800000, 0x000000070a800000| Untracked 
|  79|0x000000070aa00000, 0x000000070ab00800, 0x000000070ac00000| 50%| E|  |TAMS 0x000000070aa00000, 0x000000070aa00000| Complete 
|  80|0x000000070ac00000, 0x000000070ae00000, 0x000000070ae00000|100%| E|CS|TAMS 0x000000070ac00000, 0x000000070ac00000| Complete 
|  81|0x000000070ae00000, 0x000000070b000000, 0x000000070b000000|100%| E|CS|TAMS 0x000000070ae00000, 0x000000070ae00000| Complete 
|  82|0x000000070b000000, 0x000000070b200000, 0x000000070b200000|100%| E|CS|TAMS 0x000000070b000000, 0x000000070b000000| Complete 
|  83|0x000000070b200000, 0x000000070b400000, 0x000000070b400000|100%| E|CS|TAMS 0x000000070b200000, 0x000000070b200000| Complete 
|  84|0x000000070b400000, 0x000000070b600000, 0x000000070b600000|100%| E|CS|TAMS 0x000000070b400000, 0x000000070b400000| Complete 
|  85|0x000000070b600000, 0x000000070b800000, 0x000000070b800000|100%| E|CS|TAMS 0x000000070b600000, 0x000000070b600000| Complete 
|  86|0x000000070b800000, 0x000000070ba00000, 0x000000070ba00000|100%| E|CS|TAMS 0x000000070b800000, 0x000000070b800000| Complete 
|  87|0x000000070ba00000, 0x000000070bc00000, 0x000000070bc00000|100%| E|CS|TAMS 0x000000070ba00000, 0x000000070ba00000| Complete 
|  88|0x000000070bc00000, 0x000000070be00000, 0x000000070be00000|100%| E|CS|TAMS 0x000000070bc00000, 0x000000070bc00000| Complete 
|  89|0x000000070be00000, 0x000000070c000000, 0x000000070c000000|100%| E|CS|TAMS 0x000000070be00000, 0x000000070be00000| Complete 
|  90|0x000000070c000000, 0x000000070c200000, 0x000000070c200000|100%| E|CS|TAMS 0x000000070c000000, 0x000000070c000000| Complete 
|  91|0x000000070c200000, 0x000000070c400000, 0x000000070c400000|100%| E|CS|TAMS 0x000000070c200000, 0x000000070c200000| Complete 
|  92|0x000000070c400000, 0x000000070c600000, 0x000000070c600000|100%| E|CS|TAMS 0x000000070c400000, 0x000000070c400000| Complete 
|  93|0x000000070c600000, 0x000000070c800000, 0x000000070c800000|100%| E|CS|TAMS 0x000000070c600000, 0x000000070c600000| Complete 
|  94|0x000000070c800000, 0x000000070ca00000, 0x000000070ca00000|100%| E|CS|TAMS 0x000000070c800000, 0x000000070c800000| Complete 
|  95|0x000000070ca00000, 0x000000070cc00000, 0x000000070cc00000|100%| E|CS|TAMS 0x000000070ca00000, 0x000000070ca00000| Complete 
|  96|0x000000070cc00000, 0x000000070ce00000, 0x000000070ce00000|100%| E|CS|TAMS 0x000000070cc00000, 0x000000070cc00000| Complete 
|  97|0x000000070ce00000, 0x000000070d000000, 0x000000070d000000|100%| E|CS|TAMS 0x000000070ce00000, 0x000000070ce00000| Complete 
|  98|0x000000070d000000, 0x000000070d200000, 0x000000070d200000|100%| E|CS|TAMS 0x000000070d000000, 0x000000070d000000| Complete 
|  99|0x000000070d200000, 0x000000070d400000, 0x000000070d400000|100%| E|CS|TAMS 0x000000070d200000, 0x000000070d200000| Complete 
| 100|0x000000070d400000, 0x000000070d600000, 0x000000070d600000|100%| E|CS|TAMS 0x000000070d400000, 0x000000070d400000| Complete 
| 101|0x000000070d600000, 0x000000070d800000, 0x000000070d800000|100%| E|CS|TAMS 0x000000070d600000, 0x000000070d600000| Complete 
| 102|0x000000070d800000, 0x000000070da00000, 0x000000070da00000|100%| E|CS|TAMS 0x000000070d800000, 0x000000070d800000| Complete 
| 103|0x000000070da00000, 0x000000070dc00000, 0x000000070dc00000|100%| E|CS|TAMS 0x000000070da00000, 0x000000070da00000| Complete 
| 104|0x000000070dc00000, 0x000000070de00000, 0x000000070de00000|100%| E|CS|TAMS 0x000000070dc00000, 0x000000070dc00000| Complete 
| 105|0x000000070de00000, 0x000000070e000000, 0x000000070e000000|100%| E|CS|TAMS 0x000000070de00000, 0x000000070de00000| Complete 
| 106|0x000000070e000000, 0x000000070e200000, 0x000000070e200000|100%| E|CS|TAMS 0x000000070e000000, 0x000000070e000000| Complete 
| 107|0x000000070e200000, 0x000000070e400000, 0x000000070e400000|100%| E|CS|TAMS 0x000000070e200000, 0x000000070e200000| Complete 
| 108|0x000000070e400000, 0x000000070e600000, 0x000000070e600000|100%| E|CS|TAMS 0x000000070e400000, 0x000000070e400000| Complete 
| 109|0x000000070e600000, 0x000000070e800000, 0x000000070e800000|100%| E|CS|TAMS 0x000000070e600000, 0x000000070e600000| Complete 
| 110|0x000000070e800000, 0x000000070ea00000, 0x000000070ea00000|100%| E|CS|TAMS 0x000000070e800000, 0x000000070e800000| Complete 
| 111|0x000000070ea00000, 0x000000070ec00000, 0x000000070ec00000|100%| E|CS|TAMS 0x000000070ea00000, 0x000000070ea00000| Complete 
| 112|0x000000070ec00000, 0x000000070ee00000, 0x000000070ee00000|100%| E|CS|TAMS 0x000000070ec00000, 0x000000070ec00000| Complete 
| 113|0x000000070ee00000, 0x000000070f000000, 0x000000070f000000|100%| E|CS|TAMS 0x000000070ee00000, 0x000000070ee00000| Complete 
| 114|0x000000070f000000, 0x000000070f200000, 0x000000070f200000|100%| E|CS|TAMS 0x000000070f000000, 0x000000070f000000| Complete 
| 115|0x000000070f200000, 0x000000070f400000, 0x000000070f400000|100%| E|CS|TAMS 0x000000070f200000, 0x000000070f200000| Complete 
| 116|0x000000070f400000, 0x000000070f600000, 0x000000070f600000|100%| E|CS|TAMS 0x000000070f400000, 0x000000070f400000| Complete 
| 117|0x000000070f600000, 0x000000070f800000, 0x000000070f800000|100%| E|CS|TAMS 0x000000070f600000, 0x000000070f600000| Complete 
| 118|0x000000070f800000, 0x000000070fa00000, 0x000000070fa00000|100%| E|CS|TAMS 0x000000070f800000, 0x000000070f800000| Complete 
| 119|0x000000070fa00000, 0x000000070fc00000, 0x000000070fc00000|100%| E|CS|TAMS 0x000000070fa00000, 0x000000070fa00000| Complete 
| 120|0x000000070fc00000, 0x000000070fe00000, 0x000000070fe00000|100%| E|CS|TAMS 0x000000070fc00000, 0x000000070fc00000| Complete 
| 121|0x000000070fe00000, 0x0000000710000000, 0x0000000710000000|100%| E|CS|TAMS 0x000000070fe00000, 0x000000070fe00000| Complete 
| 122|0x0000000710000000, 0x0000000710200000, 0x0000000710200000|100%| E|CS|TAMS 0x0000000710000000, 0x0000000710000000| Complete 
| 123|0x0000000710200000, 0x0000000710400000, 0x0000000710400000|100%| E|CS|TAMS 0x0000000710200000, 0x0000000710200000| Complete 
| 124|0x0000000710400000, 0x0000000710600000, 0x0000000710600000|100%| E|CS|TAMS 0x0000000710400000, 0x0000000710400000| Complete 
| 125|0x0000000710600000, 0x0000000710800000, 0x0000000710800000|100%| E|CS|TAMS 0x0000000710600000, 0x0000000710600000| Complete 
| 126|0x0000000710800000, 0x0000000710a00000, 0x0000000710a00000|100%| E|CS|TAMS 0x0000000710800000, 0x0000000710800000| Complete 
| 127|0x0000000710a00000, 0x0000000710c00000, 0x0000000710c00000|100%| E|CS|TAMS 0x0000000710a00000, 0x0000000710a00000| Complete 

Card table byte_map: [0x0000026d6dd10000,0x0000026d6e510000] _byte_map_base: 0x0000026d6a50a000

Marking Bits (Prev, Next): (CMBitMap*) 0x0000026d5a8cee40, (CMBitMap*) 0x0000026d5a8cee80
 Prev Bits: [0x0000026d6ed10000, 0x0000026d72ce0000)
 Next Bits: [0x0000026d72ce0000, 0x0000026d76cb0000)

Polling page: 0x0000026d5a030000

Metaspace:

Usage:
  Non-class:     17.05 MB used.
      Class:      2.28 MB used.
       Both:     19.33 MB used.

Virtual space:
  Non-class space:       24.00 MB reserved,      17.12 MB ( 71%) committed,  3 nodes.
      Class space:        1.00 GB reserved,       2.38 MB ( <1%) committed,  1 nodes.
             Both:        1.02 GB reserved,      19.50 MB (  2%) committed. 

Chunk freelists:
   Non-Class:  2.56 MB
       Class:  1.61 MB
        Both:  4.17 MB

MaxMetaspaceSize: unlimited
CompressedClassSpaceSize: 1.00 GB
Initial GC threshold: 21.00 MB
Current GC threshold: 21.00 MB
CDS: off
MetaspaceReclaimPolicy: balanced
 - commit_granule_bytes: 65536.
 - commit_granule_words: 8192.
 - virtual_space_node_default_size: 1048576.
 - enlarge_chunks_in_place: 1.
 - new_chunks_are_fully_committed: 0.
 - uncommit_free_chunks: 1.
 - use_allocation_guard: 0.
 - handle_deallocations: 1.


Internal statistics:

num_allocs_failed_limit: 0.
num_arena_births: 134.
num_arena_deaths: 0.
num_vsnodes_births: 4.
num_vsnodes_deaths: 0.
num_space_committed: 312.
num_space_uncommitted: 0.
num_chunks_returned_to_freelist: 0.
num_chunks_taken_from_freelist: 497.
num_chunk_merges: 0.
num_chunk_splits: 349.
num_chunks_enlarged: 278.
num_purges: 0.
num_inconsistent_stats: 0.

CodeHeap 'non-profiled nmethods': size=120000Kb used=814Kb max_used=814Kb free=119185Kb
 bounds [0x0000026d65a90000, 0x0000026d65d00000, 0x0000026d6cfc0000]
CodeHeap 'profiled nmethods': size=120000Kb used=3133Kb max_used=3133Kb free=116866Kb
 bounds [0x0000026d5e560000, 0x0000026d5e870000, 0x0000026d65a90000]
CodeHeap 'non-nmethods': size=5760Kb used=1417Kb max_used=1438Kb free=4342Kb
 bounds [0x0000026d5dfc0000, 0x0000026d5e230000, 0x0000026d5e560000]
 total_blobs=2452 nmethods=1675 adapters=689
 compilation: enabled
              stopped_count=0, restarted_count=0
 full_count=0

Compilation events (20 events):
Event: 1.171 Thread 0x0000026d7a4a7be0 1667       3       java.lang.invoke.DirectMethodHandle$Holder::invokeStatic (14 bytes)
Event: 1.171 Thread 0x0000026d7a4a7be0 nmethod 1667 0x0000026d5e85ec10 code [0x0000026d5e85ede0, 0x0000026d5e85f178]
Event: 1.172 Thread 0x0000026d7a4a7be0 1668       3       java.net.URLStreamHandler::parseURL (1201 bytes)
Event: 1.173 Thread 0x0000026d7a4a13a0 1671       4       java.util.concurrent.ConcurrentHashMap$Traverser::advance (188 bytes)
Event: 1.174 Thread 0x0000026d7a7804a0 1672       4       java.lang.String::getBytes (44 bytes)
Event: 1.175 Thread 0x0000026d7a7804a0 nmethod 1672 0x0000026d65b5a510 code [0x0000026d65b5a680, 0x0000026d65b5a7b8]
Event: 1.176 Thread 0x0000026d7a4a13a0 nmethod 1671 0x0000026d65b5a910 code [0x0000026d65b5aaa0, 0x0000026d65b5adb8]
Event: 1.180 Thread 0x0000026d7a4a7be0 nmethod 1668 0x0000026d5e85f290 code [0x0000026d5e8603c0, 0x0000026d5e86aa88]
Event: 1.180 Thread 0x0000026d7a4a7be0 1670       3       java.util.Vector$Itr::hasNext (20 bytes)
Event: 1.180 Thread 0x0000026d7a4a7be0 nmethod 1670 0x0000026d5e86e990 code [0x0000026d5e86eb20, 0x0000026d5e86ec98]
Event: 1.180 Thread 0x0000026d7a4a7be0 1669       3       jdk.internal.loader.URLClassPath$JarLoader::findResource (18 bytes)
Event: 1.180 Thread 0x0000026d7a4a7be0 nmethod 1669 0x0000026d5e86ed90 code [0x0000026d5e86ef40, 0x0000026d5e86f128]
Event: 1.181 Thread 0x0000026d7a4a13a0 1673       4       java.lang.StringConcatHelper::prepend (37 bytes)
Event: 1.182 Thread 0x0000026d7a4a13a0 nmethod 1673 0x0000026d65b5af90 code [0x0000026d65b5b120, 0x0000026d65b5b298]
Event: 1.220 Thread 0x0000026d7a4a13a0 1674       4       jdk.internal.module.ModuleReferenceImpl::hashCode (56 bytes)
Event: 1.220 Thread 0x0000026d7a7804a0 1675       4       java.util.concurrent.ConcurrentHashMap$BaseIterator::hasNext (13 bytes)
Event: 1.221 Thread 0x0000026d7a7804a0 nmethod 1675 0x0000026d65b5b410 code [0x0000026d65b5b580, 0x0000026d65b5b618]
Event: 1.221 Thread 0x0000026d7a4a13a0 nmethod 1674 0x0000026d65b5b710 code [0x0000026d65b5b880, 0x0000026d65b5b918]
Event: 1.221 Thread 0x0000026d7a4a7be0 1676       3       java.lang.String::scale (7 bytes)
Event: 1.221 Thread 0x0000026d7a4a7be0 nmethod 1676 0x0000026d5e86f210 code [0x0000026d5e86f3a0, 0x0000026d5e86f4b8]

GC Heap History (6 events):
Event: 0.467 GC heap before
{Heap before GC invocations=0 (full 0):
 garbage-first heap   total 262144K, used 22528K [0x0000000700c00000, 0x0000000800000000)
  region size 2048K, 11 young (22528K), 0 survivors (0K)
 Metaspace       used 12259K, committed 12416K, reserved 1064960K
  class space    used 1283K, committed 1344K, reserved 1048576K
}
Event: 0.469 GC heap after
{Heap after GC invocations=1 (full 0):
 garbage-first heap   total 262144K, used 2634K [0x0000000700c00000, 0x0000000800000000)
  region size 2048K, 2 young (4096K), 2 survivors (4096K)
 Metaspace       used 12259K, committed 12416K, reserved 1064960K
  class space    used 1283K, committed 1344K, reserved 1048576K
}
Event: 0.889 GC heap before
{Heap before GC invocations=1 (full 0):
 garbage-first heap   total 262144K, used 43594K [0x0000000700c00000, 0x0000000800000000)
  region size 2048K, 21 young (43008K), 2 survivors (4096K)
 Metaspace       used 19336K, committed 19520K, reserved 1073152K
  class space    used 2292K, committed 2368K, reserved 1048576K
}
Event: 0.892 GC heap after
{Heap after GC invocations=2 (full 0):
 garbage-first heap   total 262144K, used 7907K [0x0000000700c00000, 0x0000000800000000)
  region size 2048K, 3 young (6144K), 3 survivors (6144K)
 Metaspace       used 19336K, committed 19520K, reserved 1073152K
  class space    used 2292K, committed 2368K, reserved 1048576K
}
Event: 1.032 GC heap before
{Heap before GC invocations=2 (full 0):
 garbage-first heap   total 262144K, used 122595K [0x0000000700c00000, 0x0000000800000000)
  region size 2048K, 50 young (102400K), 3 survivors (6144K)
 Metaspace       used 19414K, committed 19648K, reserved 1073152K
  class space    used 2299K, committed 2368K, reserved 1048576K
}
Event: 1.036 GC heap after
{Heap after GC invocations=3 (full 0):
 garbage-first heap   total 262144K, used 19177K [0x0000000700c00000, 0x0000000800000000)
  region size 2048K, 4 young (8192K), 4 survivors (8192K)
 Metaspace       used 19414K, committed 19648K, reserved 1073152K
  class space    used 2299K, committed 2368K, reserved 1048576K
}

Deoptimization events (20 events):
Event: 1.060 Thread 0x0000026d7b24c840 DEOPT PACKING pc=0x0000026d5e8231b3 sp=0x000000f86e0fe0c0
Event: 1.060 Thread 0x0000026d7b24c840 DEOPT UNPACKING pc=0x0000026d5e012b43 sp=0x000000f86e0fd738 mode 0
Event: 1.086 Thread 0x0000026d7b24c840 DEOPT PACKING pc=0x0000026d5e8231b3 sp=0x000000f86e0fe0c0
Event: 1.086 Thread 0x0000026d7b24c840 DEOPT UNPACKING pc=0x0000026d5e012b43 sp=0x000000f86e0fd738 mode 0
Event: 1.104 Thread 0x0000026d7b24c840 DEOPT PACKING pc=0x0000026d5e75c753 sp=0x000000f86e0fddd0
Event: 1.104 Thread 0x0000026d7b24c840 DEOPT UNPACKING pc=0x0000026d5e012b43 sp=0x000000f86e0fd270 mode 0
Event: 1.105 Thread 0x0000026d7b24c840 DEOPT PACKING pc=0x0000026d5e8231b3 sp=0x000000f86e0fe0c0
Event: 1.105 Thread 0x0000026d7b24c840 DEOPT UNPACKING pc=0x0000026d5e012b43 sp=0x000000f86e0fd738 mode 0
Event: 1.119 Thread 0x0000026d7b24c840 DEOPT PACKING pc=0x0000026d5e8231b3 sp=0x000000f86e0fe0c0
Event: 1.119 Thread 0x0000026d7b24c840 DEOPT UNPACKING pc=0x0000026d5e012b43 sp=0x000000f86e0fd738 mode 0
Event: 1.139 Thread 0x0000026d7b24c840 Uncommon trap: trap_request=0xffffff45 fr.pc=0x0000026d65b4afbc relative=0x000000000000055c
Event: 1.139 Thread 0x0000026d7b24c840 Uncommon trap: reason=unstable_if action=reinterpret pc=0x0000026d65b4afbc method=java.io.BufferedInputStream.read1([BII)I @ 22 c2
Event: 1.139 Thread 0x0000026d7b24c840 DEOPT PACKING pc=0x0000026d65b4afbc sp=0x000000f86e0fdcc0
Event: 1.139 Thread 0x0000026d7b24c840 DEOPT UNPACKING pc=0x0000026d5e0123a3 sp=0x000000f86e0fdc08 mode 2
Event: 1.139 Thread 0x0000026d7b24c840 Uncommon trap: trap_request=0xffffff45 fr.pc=0x0000026d65b4a58c relative=0x000000000000016c
Event: 1.139 Thread 0x0000026d7b24c840 Uncommon trap: reason=unstable_if action=reinterpret pc=0x0000026d65b4a58c method=java.io.BufferedInputStream.read1([BII)I @ 22 c2
Event: 1.139 Thread 0x0000026d7b24c840 DEOPT PACKING pc=0x0000026d65b4a58c sp=0x000000f86e0fdc50
Event: 1.139 Thread 0x0000026d7b24c840 DEOPT UNPACKING pc=0x0000026d5e0123a3 sp=0x000000f86e0fdc08 mode 2
Event: 1.165 Thread 0x0000026d7b24c840 DEOPT PACKING pc=0x0000026d5e60e718 sp=0x000000f86e0fdaa0
Event: 1.165 Thread 0x0000026d7b24c840 DEOPT UNPACKING pc=0x0000026d5e012b43 sp=0x000000f86e0fcfa8 mode 0

Classes unloaded (0 events):
No events

Classes redefined (0 events):
No events

Internal exceptions (20 events):
Event: 0.337 Thread 0x0000026d5a862ee0 Exception <a 'java/lang/NoSuchMethodError'{0x000000070fee5e48}: 'java.lang.Object java.lang.invoke.DirectMethodHandle$Holder.invokeSpecial(java.lang.Object, java.lang.Object, java.lang.Object, int, java.lang.Object)'> (0x000000070fee5e48) 
thrown [s\src\hotspot\share\interpreter\linkResolver.cpp, line 771]
Event: 0.405 Thread 0x0000026d7b24c840 Exception <a 'java/lang/NoSuchMethodError'{0x000000070fd8c368}: 'void java.lang.invoke.DirectMethodHandle$Holder.invokeStaticInit(java.lang.Object)'> (0x000000070fd8c368) 
thrown [s\src\hotspot\share\interpreter\linkResolver.cpp, line 771]
Event: 0.407 Thread 0x0000026d5a862ee0 Exception <a 'java/lang/NoSuchMethodError'{0x000000070fefafd8}: 'java.lang.Object java.lang.invoke.DirectMethodHandle$Holder.newInvokeSpecial(java.lang.Object, java.lang.Object, java.lang.Object, java.lang.Object, java.lang.Object, java.lang.Object)'> (0x000000070fefafd8) 
thrown [s\src\hotspot\share\interpreter\linkResolver.cpp, line 771]
Event: 0.414 Thread 0x0000026d5a862ee0 Exception <a 'java/lang/NoSuchMethodError'{0x000000070ff2ac50}: 'java.lang.Object java.lang.invoke.DirectMethodHandle$Holder.newInvokeSpecial(java.lang.Object, java.lang.Object, java.lang.Object, java.lang.Object, java.lang.Object)'> (0x000000070ff2ac50) 
thrown [s\src\hotspot\share\interpreter\linkResolver.cpp, line 771]
Event: 0.415 Thread 0x0000026d7b890a20 Exception <a 'java/lang/NoSuchMethodError'{0x000000070fa9b560}: 'void java.lang.invoke.DirectMethodHandle$Holder.invokeStatic(java.lang.Object, java.lang.Object, java.lang.Object, java.lang.Object)'> (0x000000070fa9b560) 
thrown [s\src\hotspot\share\interpreter\linkResolver.cpp, line 771]
Event: 0.438 Thread 0x0000026d7b24c840 Exception <a 'java/lang/NoSuchMethodError'{0x000000070f984e38}: 'java.lang.Object java.lang.invoke.DirectMethodHandle$Holder.invokeStaticInit(java.lang.Object, java.lang.Object, java.lang.Object, java.lang.Object)'> (0x000000070f984e38) 
thrown [s\src\hotspot\share\interpreter\linkResolver.cpp, line 771]
Event: 0.439 Thread 0x0000026d7b24c840 Exception <a 'java/lang/NoSuchMethodError'{0x000000070f999980}: 'void java.lang.invoke.DirectMethodHandle$Holder.invokeSpecial(java.lang.Object, java.lang.Object, java.lang.Object, java.lang.Object, java.lang.Object)'> (0x000000070f999980) 
thrown [s\src\hotspot\share\interpreter\linkResolver.cpp, line 771]
Event: 0.460 Thread 0x0000026d7b24c840 Exception <a 'java/lang/NullPointerException'{0x000000070f7316f0}> (0x000000070f7316f0) 
thrown [s\src\hotspot\share\interpreter\linkResolver.cpp, line 1362]
Event: 0.562 Thread 0x0000026d7b24c840 Exception <a 'java/lang/ClassNotFoundException'{0x00000007107e3360}: sun/awt/resources/spi/awtProvider> (0x00000007107e3360) 
thrown [s\src\hotspot\share\classfile\systemDictionary.cpp, line 256]
Event: 0.565 Thread 0x0000026d7b24c840 Exception <a 'java/io/FileNotFoundException'{0x00000007107f4088}> (0x00000007107f4088) 
thrown [s\src\hotspot\share\prims\jni.cpp, line 517]
Event: 0.565 Thread 0x0000026d7b24c840 Exception <a 'java/io/FileNotFoundException'{0x00000007107f55d0}> (0x00000007107f55d0) 
thrown [s\src\hotspot\share\prims\jni.cpp, line 517]
Event: 0.575 Thread 0x0000026d7b24c840 Exception <a 'java/lang/NoSuchMethodError'{0x0000000710415030}: 'java.lang.Object java.lang.invoke.DirectMethodHandle$Holder.invokeStaticInit(java.lang.Object, int, int, int, int)'> (0x0000000710415030) 
thrown [s\src\hotspot\share\interpreter\linkResolver.cpp, line 771]
Event: 0.600 Thread 0x0000026d7b24c840 Exception <a 'java/lang/NoSuchMethodError'{0x00000007104eecc8}: 'java.lang.Object java.lang.invoke.DirectMethodHandle$Holder.invokeStaticInit(java.lang.Object, java.lang.Object, int, int, int, int)'> (0x00000007104eecc8) 
thrown [s\src\hotspot\share\interpreter\linkResolver.cpp, line 771]
Event: 0.711 Thread 0x0000026d7b24c840 Exception <a 'java/lang/NoSuchMethodError'{0x000000070fb69060}: 'void java.lang.invoke.DirectMethodHandle$Holder.invokeStaticInit(java.lang.Object, java.lang.Object)'> (0x000000070fb69060) 
thrown [s\src\hotspot\share\interpreter\linkResolver.cpp, line 771]
Event: 0.723 Thread 0x0000026d7b24c840 Implicit null exception at 0x0000026d65b0818d to 0x0000026d65b08748
Event: 0.723 Thread 0x0000026d7b24c840 Implicit null exception at 0x0000026d65b08e32 to 0x0000026d65b09608
Event: 0.724 Thread 0x0000026d7b24c840 Implicit null exception at 0x0000026d65aa730f to 0x0000026d65aa7389
Event: 0.801 Thread 0x0000026d7b24c840 Exception <a 'java/lang/NoSuchMethodError'{0x000000070f103aa0}: 'java.lang.Object java.lang.invoke.DirectMethodHandle$Holder.invokeInterface(java.lang.Object, java.lang.Object, java.lang.Object)'> (0x000000070f103aa0) 
thrown [s\src\hotspot\share\interpreter\linkResolver.cpp, line 771]
Event: 0.801 Thread 0x0000026d7b24c840 Exception <a 'java/lang/IncompatibleClassChangeError'{0x000000070f1076d0}: Found class java.lang.Object, but interface was expected> (0x000000070f1076d0) 
thrown [s\src\hotspot\share\interpreter\linkResolver.cpp, line 838]
Event: 0.830 Thread 0x0000026d7b24c840 Exception <a 'java/lang/NoSuchMethodError'{0x000000070eea9aa0}: 'java.lang.Object java.lang.invoke.DirectMethodHandle$Holder.newInvokeSpecial(java.lang.Object, java.lang.Object, int)'> (0x000000070eea9aa0) 
thrown [s\src\hotspot\share\interpreter\linkResolver.cpp, line 771]

VM Operations (20 events):
Event: 0.132 Executing VM operation: HandshakeAllThreads
Event: 0.132 Executing VM operation: HandshakeAllThreads done
Event: 0.132 Executing VM operation: HandshakeAllThreads
Event: 0.132 Executing VM operation: HandshakeAllThreads done
Event: 0.160 Executing VM operation: HandshakeAllThreads
Event: 0.160 Executing VM operation: HandshakeAllThreads done
Event: 0.326 Executing VM operation: HandshakeAllThreads
Event: 0.326 Executing VM operation: HandshakeAllThreads done
Event: 0.467 Executing VM operation: G1CollectForAllocation
Event: 0.469 Executing VM operation: G1CollectForAllocation done
Event: 0.582 Executing VM operation: HandshakeAllThreads
Event: 0.582 Executing VM operation: HandshakeAllThreads done
Event: 0.687 Executing VM operation: HandshakeAllThreads
Event: 0.687 Executing VM operation: HandshakeAllThreads done
Event: 0.723 Executing VM operation: ICBufferFull
Event: 0.723 Executing VM operation: ICBufferFull done
Event: 0.888 Executing VM operation: G1CollectForAllocation
Event: 0.892 Executing VM operation: G1CollectForAllocation done
Event: 1.032 Executing VM operation: G1CollectForAllocation
Event: 1.036 Executing VM operation: G1CollectForAllocation done

Events (20 events):
Event: 0.835 loading class java/util/WeakHashMap$EntryIterator
Event: 0.835 loading class java/util/WeakHashMap$EntryIterator done
Event: 0.837 loading class java/util/ConcurrentModificationException
Event: 0.837 loading class java/util/ConcurrentModificationException done
Event: 0.849 loading class java/lang/Character$CharacterCache
Event: 0.849 loading class java/lang/Character$CharacterCache done
Event: 0.926 loading class java/util/regex/Pattern$Pos
Event: 0.926 loading class java/util/regex/Pattern$Pos done
Event: 0.926 loading class java/util/regex/Pattern$StartS
Event: 0.926 loading class java/util/regex/Pattern$StartS done
Event: 1.131 loading class java/lang/Math$RandomNumberGeneratorHolder
Event: 1.131 loading class java/lang/Math$RandomNumberGeneratorHolder done
Event: 1.133 loading class java/util/concurrent/ArrayBlockingQueue
Event: 1.134 loading class java/util/concurrent/ArrayBlockingQueue done
Event: 1.139 loading class java/io/FileOutputStream$1
Event: 1.139 loading class java/io/FileOutputStream$1 done
Event: 1.140 loading class java/util/StringTokenizer
Event: 1.140 loading class java/util/StringTokenizer done
Event: 1.151 Loaded shared library C:\Users\janst\AppData\Local\Temp\LibLoader\bass.dll
Event: 1.156 Loaded shared library C:\Users\janst\AppData\Local\Temp\LibLoader\NativeBass64.dll


Dynamic libraries:
0x00007ff7b8620000 - 0x00007ff7b862a000 	C:\Program Files\JetBrains\IntelliJ IDEA Community Edition 2022.2.3\jbr\bin\java.exe
0x00007ffe21370000 - 0x00007ffe21568000 	C:\Windows\SYSTEM32\ntdll.dll
0x00007ffe20e50000 - 0x00007ffe20f0f000 	C:\Windows\System32\KERNEL32.DLL
0x00007ffe1f0c0000 - 0x00007ffe1f39a000 	C:\Windows\System32\KERNELBASE.dll
0x00007ffe1eb40000 - 0x00007ffe1ec40000 	C:\Windows\System32\ucrtbase.dll
0x00007ffe121a0000 - 0x00007ffe121b7000 	C:\Program Files\JetBrains\IntelliJ IDEA Community Edition 2022.2.3\jbr\bin\jli.dll
0x00007ffe123e0000 - 0x00007ffe123fb000 	C:\Program Files\JetBrains\IntelliJ IDEA Community Edition 2022.2.3\jbr\bin\VCRUNTIME140.dll
0x00007ffe20fc0000 - 0x00007ffe2115d000 	C:\Windows\System32\USER32.dll
0x00007ffe0cdf0000 - 0x00007ffe0d08a000 	C:\Windows\WinSxS\amd64_microsoft.windows.common-controls_6595b64144ccf1df_6.0.19041.1110_none_60b5254171f9507e\COMCTL32.dll
0x00007ffe1eff0000 - 0x00007ffe1f012000 	C:\Windows\System32\win32u.dll
0x00007ffe21290000 - 0x00007ffe2132e000 	C:\Windows\System32\msvcrt.dll
0x00007ffe20980000 - 0x00007ffe209ab000 	C:\Windows\System32\GDI32.dll
0x00007ffe1eee0000 - 0x00007ffe1eff0000 	C:\Windows\System32\gdi32full.dll
0x00007ffe1f020000 - 0x00007ffe1f0bd000 	C:\Windows\System32\msvcp_win.dll
0x00007ffe20230000 - 0x00007ffe20260000 	C:\Windows\System32\IMM32.DLL
0x00007ffe12580000 - 0x00007ffe1258c000 	C:\Program Files\JetBrains\IntelliJ IDEA Community Edition 2022.2.3\jbr\bin\vcruntime140_1.dll
0x00007ffdfd990000 - 0x00007ffdfda1d000 	C:\Program Files\JetBrains\IntelliJ IDEA Community Edition 2022.2.3\jbr\bin\msvcp140.dll
0x00007ffe01050000 - 0x00007ffe01cb9000 	C:\Program Files\JetBrains\IntelliJ IDEA Community Edition 2022.2.3\jbr\bin\server\jvm.dll
0x00007ffe209b0000 - 0x00007ffe20a5e000 	C:\Windows\System32\ADVAPI32.dll
0x00007ffe206d0000 - 0x00007ffe2076c000 	C:\Windows\System32\sechost.dll
0x00007ffe21160000 - 0x00007ffe21286000 	C:\Windows\System32\RPCRT4.dll
0x00007ffe20190000 - 0x00007ffe20198000 	C:\Windows\System32\PSAPI.DLL
0x00007ffe1be50000 - 0x00007ffe1be59000 	C:\Windows\SYSTEM32\WSOCK32.dll
0x00007ffe14ab0000 - 0x00007ffe14ad7000 	C:\Windows\SYSTEM32\WINMM.dll
0x00007ffe20cf0000 - 0x00007ffe20d5b000 	C:\Windows\System32\WS2_32.dll
0x00007ffe17200000 - 0x00007ffe1720a000 	C:\Windows\SYSTEM32\VERSION.dll
0x00007ffe1d2f0000 - 0x00007ffe1d302000 	C:\Windows\SYSTEM32\kernel.appcore.dll
0x00007ffe1be20000 - 0x00007ffe1be2a000 	C:\Program Files\JetBrains\IntelliJ IDEA Community Edition 2022.2.3\jbr\bin\jimage.dll
0x00007ffe1c7c0000 - 0x00007ffe1c9a4000 	C:\Windows\SYSTEM32\DBGHELP.DLL
0x00007ffe0d580000 - 0x00007ffe0d5b4000 	C:\Windows\SYSTEM32\dbgcore.DLL
0x00007ffe1ee50000 - 0x00007ffe1eed2000 	C:\Windows\System32\bcryptPrimitives.dll
0x00007ffe128b0000 - 0x00007ffe128d5000 	C:\Program Files\JetBrains\IntelliJ IDEA Community Edition 2022.2.3\jbr\bin\java.dll
0x00007ffe18ed0000 - 0x00007ffe18ee8000 	C:\Program Files\JetBrains\IntelliJ IDEA Community Edition 2022.2.3\jbr\bin\zip.dll
0x00007ffe1f6e0000 - 0x00007ffe1fe24000 	C:\Windows\System32\SHELL32.dll
0x00007ffe1c9b0000 - 0x00007ffe1d143000 	C:\Windows\SYSTEM32\windows.storage.dll
0x00007ffe1fe30000 - 0x00007ffe20184000 	C:\Windows\System32\combase.dll
0x00007ffe1e4e0000 - 0x00007ffe1e50e000 	C:\Windows\SYSTEM32\Wldp.dll
0x00007ffe1f5d0000 - 0x00007ffe1f67d000 	C:\Windows\System32\SHCORE.dll
0x00007ffe20770000 - 0x00007ffe207c5000 	C:\Windows\System32\shlwapi.dll
0x00007ffe1e9c0000 - 0x00007ffe1e9df000 	C:\Windows\SYSTEM32\profapi.dll
0x00007ffe12860000 - 0x00007ffe12879000 	C:\Program Files\JetBrains\IntelliJ IDEA Community Edition 2022.2.3\jbr\bin\net.dll
0x00007ffe19200000 - 0x00007ffe1930a000 	C:\Windows\SYSTEM32\WINHTTP.dll
0x00007ffe1e1d0000 - 0x00007ffe1e23a000 	C:\Windows\system32\mswsock.dll
0x00007ffe12650000 - 0x00007ffe12666000 	C:\Program Files\JetBrains\IntelliJ IDEA Community Edition 2022.2.3\jbr\bin\nio.dll
0x0000026d79a50000 - 0x0000026d79a53000 	C:\Program Files\JetBrains\IntelliJ IDEA Community Edition 2022.2.3\jbr\bin\api-ms-win-core-console-l1-1-0.dll
0x0000026d79a60000 - 0x0000026d79a63000 	C:\Program Files\JetBrains\IntelliJ IDEA Community Edition 2022.2.3\jbr\bin\api-ms-win-core-datetime-l1-1-0.dll
0x0000026d79a70000 - 0x0000026d79a73000 	C:\Program Files\JetBrains\IntelliJ IDEA Community Edition 2022.2.3\jbr\bin\api-ms-win-core-debug-l1-1-0.dll
0x0000026d79a80000 - 0x0000026d79a83000 	C:\Program Files\JetBrains\IntelliJ IDEA Community Edition 2022.2.3\jbr\bin\api-ms-win-core-errorhandling-l1-1-0.dll
0x0000026d79a90000 - 0x0000026d79a94000 	C:\Program Files\JetBrains\IntelliJ IDEA Community Edition 2022.2.3\jbr\bin\api-ms-win-core-file-l1-1-0.dll
0x0000026d79aa0000 - 0x0000026d79aa3000 	C:\Program Files\JetBrains\IntelliJ IDEA Community Edition 2022.2.3\jbr\bin\api-ms-win-core-file-l1-2-0.dll
0x0000026d79ab0000 - 0x0000026d79ab3000 	C:\Program Files\JetBrains\IntelliJ IDEA Community Edition 2022.2.3\jbr\bin\api-ms-win-core-file-l2-1-0.dll
0x0000026d79ac0000 - 0x0000026d79ac3000 	C:\Program Files\JetBrains\IntelliJ IDEA Community Edition 2022.2.3\jbr\bin\api-ms-win-core-handle-l1-1-0.dll
0x0000026d79ad0000 - 0x0000026d79ad3000 	C:\Program Files\JetBrains\IntelliJ IDEA Community Edition 2022.2.3\jbr\bin\api-ms-win-core-heap-l1-1-0.dll
0x0000026d79ae0000 - 0x0000026d79ae3000 	C:\Program Files\JetBrains\IntelliJ IDEA Community Edition 2022.2.3\jbr\bin\api-ms-win-core-interlocked-l1-1-0.dll
0x0000026d79af0000 - 0x0000026d79af3000 	C:\Program Files\JetBrains\IntelliJ IDEA Community Edition 2022.2.3\jbr\bin\api-ms-win-core-libraryloader-l1-1-0.dll
0x0000026d79b00000 - 0x0000026d79b03000 	C:\Program Files\JetBrains\IntelliJ IDEA Community Edition 2022.2.3\jbr\bin\api-ms-win-core-localization-l1-2-0.dll
0x0000026d79b10000 - 0x0000026d79b13000 	C:\Program Files\JetBrains\IntelliJ IDEA Community Edition 2022.2.3\jbr\bin\api-ms-win-core-memory-l1-1-0.dll
0x0000026d79b20000 - 0x0000026d79b23000 	C:\Program Files\JetBrains\IntelliJ IDEA Community Edition 2022.2.3\jbr\bin\api-ms-win-core-namedpipe-l1-1-0.dll
0x0000026d79b30000 - 0x0000026d79b33000 	C:\Program Files\JetBrains\IntelliJ IDEA Community Edition 2022.2.3\jbr\bin\api-ms-win-core-processenvironment-l1-1-0.dll
0x0000026d79b40000 - 0x0000026d79b43000 	C:\Program Files\JetBrains\IntelliJ IDEA Community Edition 2022.2.3\jbr\bin\api-ms-win-core-processthreads-l1-1-0.dll
0x0000026d79b50000 - 0x0000026d79b53000 	C:\Program Files\JetBrains\IntelliJ IDEA Community Edition 2022.2.3\jbr\bin\api-ms-win-core-processthreads-l1-1-1.dll
0x0000026d79b60000 - 0x0000026d79b63000 	C:\Program Files\JetBrains\IntelliJ IDEA Community Edition 2022.2.3\jbr\bin\api-ms-win-core-profile-l1-1-0.dll
0x0000026d79b70000 - 0x0000026d79b73000 	C:\Program Files\JetBrains\IntelliJ IDEA Community Edition 2022.2.3\jbr\bin\api-ms-win-core-rtlsupport-l1-1-0.dll
0x0000026d79b80000 - 0x0000026d79b83000 	C:\Program Files\JetBrains\IntelliJ IDEA Community Edition 2022.2.3\jbr\bin\api-ms-win-core-string-l1-1-0.dll
0x0000026d79b90000 - 0x0000026d79b93000 	C:\Program Files\JetBrains\IntelliJ IDEA Community Edition 2022.2.3\jbr\bin\api-ms-win-core-synch-l1-1-0.dll
0x0000026d79ba0000 - 0x0000026d79ba3000 	C:\Program Files\JetBrains\IntelliJ IDEA Community Edition 2022.2.3\jbr\bin\api-ms-win-core-synch-l1-2-0.dll
0x0000026d79bb0000 - 0x0000026d79bb3000 	C:\Program Files\JetBrains\IntelliJ IDEA Community Edition 2022.2.3\jbr\bin\api-ms-win-core-sysinfo-l1-1-0.dll
0x0000026d79bc0000 - 0x0000026d79bc3000 	C:\Program Files\JetBrains\IntelliJ IDEA Community Edition 2022.2.3\jbr\bin\api-ms-win-core-timezone-l1-1-0.dll
0x0000026d79bd0000 - 0x0000026d79bd3000 	C:\Program Files\JetBrains\IntelliJ IDEA Community Edition 2022.2.3\jbr\bin\api-ms-win-core-util-l1-1-0.dll
0x0000026d79be0000 - 0x0000026d79be3000 	C:\Program Files\JetBrains\IntelliJ IDEA Community Edition 2022.2.3\jbr\bin\api-ms-win-crt-conio-l1-1-0.dll
0x0000026d79bf0000 - 0x0000026d79bf4000 	C:\Program Files\JetBrains\IntelliJ IDEA Community Edition 2022.2.3\jbr\bin\api-ms-win-crt-convert-l1-1-0.dll
0x0000026d7bfd0000 - 0x0000026d7bfd3000 	C:\Program Files\JetBrains\IntelliJ IDEA Community Edition 2022.2.3\jbr\bin\api-ms-win-crt-environment-l1-1-0.dll
0x0000026d7bfe0000 - 0x0000026d7bfe3000 	C:\Program Files\JetBrains\IntelliJ IDEA Community Edition 2022.2.3\jbr\bin\api-ms-win-crt-filesystem-l1-1-0.dll
0x0000026d7bff0000 - 0x0000026d7bff3000 	C:\Program Files\JetBrains\IntelliJ IDEA Community Edition 2022.2.3\jbr\bin\api-ms-win-crt-heap-l1-1-0.dll
0x0000026d7c000000 - 0x0000026d7c003000 	C:\Program Files\JetBrains\IntelliJ IDEA Community Edition 2022.2.3\jbr\bin\api-ms-win-crt-locale-l1-1-0.dll
0x0000026d7c010000 - 0x0000026d7c015000 	C:\Program Files\JetBrains\IntelliJ IDEA Community Edition 2022.2.3\jbr\bin\api-ms-win-crt-math-l1-1-0.dll
0x0000026d7c020000 - 0x0000026d7c025000 	C:\Program Files\JetBrains\IntelliJ IDEA Community Edition 2022.2.3\jbr\bin\api-ms-win-crt-multibyte-l1-1-0.dll
0x0000026d7c030000 - 0x0000026d7c03f000 	C:\Program Files\JetBrains\IntelliJ IDEA Community Edition 2022.2.3\jbr\bin\api-ms-win-crt-private-l1-1-0.dll
0x0000026d7c040000 - 0x0000026d7c043000 	C:\Program Files\JetBrains\IntelliJ IDEA Community Edition 2022.2.3\jbr\bin\api-ms-win-crt-process-l1-1-0.dll
0x0000026d7c050000 - 0x0000026d7c054000 	C:\Program Files\JetBrains\IntelliJ IDEA Community Edition 2022.2.3\jbr\bin\api-ms-win-crt-runtime-l1-1-0.dll
0x0000026d7c060000 - 0x0000026d7c064000 	C:\Program Files\JetBrains\IntelliJ IDEA Community Edition 2022.2.3\jbr\bin\api-ms-win-crt-stdio-l1-1-0.dll
0x0000026d7c070000 - 0x0000026d7c074000 	C:\Program Files\JetBrains\IntelliJ IDEA Community Edition 2022.2.3\jbr\bin\api-ms-win-crt-string-l1-1-0.dll
0x0000026d7c080000 - 0x0000026d7c083000 	C:\Program Files\JetBrains\IntelliJ IDEA Community Edition 2022.2.3\jbr\bin\api-ms-win-crt-time-l1-1-0.dll
0x0000026d7c090000 - 0x0000026d7c093000 	C:\Program Files\JetBrains\IntelliJ IDEA Community Edition 2022.2.3\jbr\bin\api-ms-win-crt-utility-l1-1-0.dll
0x00007ffdf8830000 - 0x00007ffdf8925000 	C:\Program Files\JetBrains\IntelliJ IDEA Community Edition 2022.2.3\jbr\bin\ucrtbase.dll
0x00007ffe12900000 - 0x00007ffe1294e000 	C:\Windows\System32\concrt140.dll
0x00007ffe151a0000 - 0x00007ffe151c3000 	C:\Users\janst\.openjfx\cache\11.0.2\prism_d3d.dll
0x00007ffde2f80000 - 0x00007ffde314d000 	C:\Windows\system32\d3d9.dll
0x00007ffe1c340000 - 0x00007ffe1c36f000 	C:\Windows\SYSTEM32\dwmapi.dll
0x00007ffe1c050000 - 0x00007ffe1c0ee000 	C:\Windows\system32\uxtheme.dll
0x00007ffe14af0000 - 0x00007ffe14cab000 	C:\Windows\System32\DriverStore\FileRepository\u0390319.inf_amd64_32d8157dec983dab\B389920\aticfx64.dll
0x00007ffdcaca0000 - 0x00007ffdcd85c000 	C:\Windows\System32\DriverStore\FileRepository\u0390319.inf_amd64_32d8157dec983dab\B389920\amdxn64.dll
0x00007ffe1f3d0000 - 0x00007ffe1f4fa000 	C:\Windows\System32\ole32.dll
0x00007ffe20260000 - 0x00007ffe206c8000 	C:\Windows\System32\SETUPAPI.dll
0x00007ffe1eaf0000 - 0x00007ffe1eb3e000 	C:\Windows\System32\cfgmgr32.dll
0x00007ffe1f3a0000 - 0x00007ffe1f3c7000 	C:\Windows\System32\bcrypt.dll
0x00007ffe1d460000 - 0x00007ffe1d553000 	C:\Windows\SYSTEM32\dxgi.dll
0x00007ffe14a70000 - 0x00007ffe14aa5000 	C:\Windows\SYSTEM32\amdihk64.dll
0x00007ffe10580000 - 0x00007ffe105c5000 	C:\Users\janst\.openjfx\cache\11.0.2\glass.dll
0x00007ffe20c10000 - 0x00007ffe20cea000 	C:\Windows\System32\COMDLG32.dll
0x00007ffe1f500000 - 0x00007ffe1f5cd000 	C:\Windows\System32\OLEAUT32.dll
0x00007ffe207f0000 - 0x00007ffe20904000 	C:\Windows\System32\MSCTF.dll
0x00007ffe15050000 - 0x00007ffe1508b000 	C:\Windows\SYSTEM32\dxcore.dll
0x00007ffe12670000 - 0x00007ffe12684000 	C:\Users\janst\.openjfx\cache\11.0.2\javafx_font.dll
0x00007ffe10860000 - 0x00007ffe10adf000 	C:\Windows\SYSTEM32\dwrite.dll
0x00007ffe02ba0000 - 0x00007ffe02d33000 	C:\Program Files\JetBrains\IntelliJ IDEA Community Edition 2022.2.3\jbr\bin\awt.dll
0x00007ffe1bf50000 - 0x00007ffe1bfe0000 	C:\Windows\SYSTEM32\apphelp.dll
0x00007ffe1e3c0000 - 0x00007ffe1e3d8000 	C:\Windows\SYSTEM32\CRYPTSP.dll
0x00007ffe1da80000 - 0x00007ffe1dab4000 	C:\Windows\system32\rsaenh.dll
0x00007ffe1e980000 - 0x00007ffe1e9ae000 	C:\Windows\SYSTEM32\USERENV.dll
0x00007ffe1e3e0000 - 0x00007ffe1e3ec000 	C:\Windows\SYSTEM32\CRYPTBASE.dll
0x00007ffe1de50000 - 0x00007ffe1de8c000 	C:\Windows\SYSTEM32\IPHLPAPI.DLL
0x00007ffe20d60000 - 0x00007ffe20d68000 	C:\Windows\System32\NSI.dll
0x00007ffe17820000 - 0x00007ffe17837000 	C:\Windows\SYSTEM32\dhcpcsvc6.DLL
0x00007ffe17800000 - 0x00007ffe1781d000 	C:\Windows\SYSTEM32\dhcpcsvc.DLL
0x00007ffe1de90000 - 0x00007ffe1df5b000 	C:\Windows\SYSTEM32\DNSAPI.dll
0x00007ffe20f10000 - 0x00007ffe20fb9000 	C:\Windows\System32\clbcatq.dll
0x00007ffe17910000 - 0x00007ffe17ac4000 	C:\Windows\SYSTEM32\WindowsCodecs.dll
0x00007ffe0c600000 - 0x00007ffe0c63e000 	C:\Windows\system32\dataexchange.dll
0x00007ffe1b2d0000 - 0x00007ffe1b4b3000 	C:\Windows\system32\dcomp.dll
0x00007ffe1a350000 - 0x00007ffe1a5b3000 	C:\Windows\system32\d3d11.dll
0x00007ffe18310000 - 0x00007ffe18510000 	C:\Windows\system32\twinapi.appcore.dll
0x00007ffe10450000 - 0x00007ffe10484000 	C:\Program Files\Common Files\Microsoft Shared\Ink\rtscom.dll
0x00007ffe14d90000 - 0x00007ffe14e89000 	C:\Windows\SYSTEM32\textinputframework.dll
0x00007ffe1bba0000 - 0x00007ffe1bc92000 	C:\Windows\System32\CoreMessaging.dll
0x00007ffe1b840000 - 0x00007ffe1bb9e000 	C:\Windows\System32\CoreUIComponents.dll
0x00007ffe1dba0000 - 0x00007ffe1dbd3000 	C:\Windows\SYSTEM32\ntmarta.dll
0x00007ffe1b170000 - 0x00007ffe1b2c4000 	C:\Windows\SYSTEM32\wintypes.dll

dbghelp: loaded successfully - version: 4.0.5 - missing functions: none
symbol engine: initialized successfully - sym options: 0x614 - pdb path: .;C:\Program Files\JetBrains\IntelliJ IDEA Community Edition 2022.2.3\jbr\bin;C:\Windows\SYSTEM32;C:\Windows\WinSxS\amd64_microsoft.windows.common-controls_6595b64144ccf1df_6.0.19041.1110_none_60b5254171f9507e;C:\Program Files\JetBrains\IntelliJ IDEA Community Edition 2022.2.3\jbr\bin\server;C:\Users\janst\.openjfx\cache\11.0.2;C:\Windows\System32\DriverStore\FileRepository\u0390319.inf_amd64_32d8157dec983dab\B389920;C:\Program Files\Common Files\Microsoft Shared\Ink;C:\Users\janst\AppData\Local\Temp\LibLoader

VM Arguments:
jvm_args: --add-modules=javafx.controls,javafx.media,javafx.swing --module-path=C:\Users\janst\.gradle\caches\modules-2\files-2.1\org.openjfx\javafx-controls\11.0.2\6c763707769c18adce406904c771c2ad1fcc370b\javafx-controls-11.0.2-win.jar;C:\Users\janst\.gradle\caches\modules-2\files-2.1\org.openjfx\javafx-swing\11.0.2\9b5728e61148142fae8c47f6295c84d7a8d6c89\javafx-swing-11.0.2-win.jar;C:\Users\janst\.gradle\caches\modules-2\files-2.1\org.openjfx\javafx-media\11.0.2\a9d052aba5dc676f26b5cfcd33a68e381f08a47a\javafx-media-11.0.2-win.jar;C:\Users\janst\.gradle\caches\modules-2\files-2.1\org.openjfx\javafx-graphics\11.0.2\20459ea2cf714942bcbeb78a7f70ba3531dc1a44\javafx-graphics-11.0.2-win.jar;C:\Users\janst\.gradle\caches\modules-2\files-2.1\org.openjfx\javafx-base\11.0.2\1852e57b8cf9a9b6488c33605bccd5d06ff210e1\javafx-base-11.0.2-win.jar -Dfile.encoding=windows-1252 -Duser.country=US -Duser.language=en -Duser.variant 
java_command: insaniquarium.Main
java_class_path (initial): C:\Users\janst\IdeaProjects\Insaniquariumv2\build\classes\java\main;C:\Users\janst\IdeaProjects\Insaniquariumv2\build\resources\main;C:\Users\janst\IdeaProjects\Insaniquariumv2\JOrbisPlayer.jar;C:\Users\janst\.gradle\caches\modules-2\files-2.1\org.openjfx\javafx-controls\11.0.2\6c763707769c18adce406904c771c2ad1fcc370b\javafx-controls-11.0.2-win.jar;C:\Users\janst\.gradle\caches\modules-2\files-2.1\org.openjfx\javafx-swing\11.0.2\9b5728e61148142fae8c47f6295c84d7a8d6c89\javafx-swing-11.0.2-win.jar;C:\Users\janst\.gradle\caches\modules-2\files-2.1\org.openjfx\javafx-swing\11.0.2\128e242b1da453716160990efc84834e67bc97b3\javafx-swing-11.0.2.jar;C:\Users\janst\.gradle\caches\modules-2\files-2.1\org.openjfx\javafx-media\11.0.2\a9d052aba5dc676f26b5cfcd33a68e381f08a47a\javafx-media-11.0.2-win.jar;C:\Users\janst\.gradle\caches\modules-2\files-2.1\org.openjfx\javafx-graphics\11.0.2\20459ea2cf714942bcbeb78a7f70ba3531dc1a44\javafx-graphics-11.0.2-win.jar;C:\Users\janst\.gradle\caches\modules-2\files-2.1\org.openjfx\javafx-graphics\11.0.2\e522eb4ea422eceeee207b1c266ba3db19b2343a\javafx-graphics-11.0.2.jar;C:\Users\janst\.gradle\caches\modules-2\files-2.1\org.openjfx\javafx-base\11.0.2\1852e57b8cf9a9b6488c33605bccd5d06ff210e1\javafx-base-11.0.2-win.jar;C:\Users\janst\.gradle\caches\modules-2\files-2.1\org.openjfx\javafx-base\11.0.2\7fb2e4a8528ec9e434a9ac9ee98b39af79e6dcb8\javafx-base-11.0.2.jar
Launcher Type: SUN_STANDARD

[Global flags]
     intx CICompilerCount                          = 4                                         {product} {ergonomic}
     uint ConcGCThreads                            = 3                                         {product} {ergonomic}
     uint G1ConcRefinementThreads                  = 10                                        {product} {ergonomic}
   size_t G1HeapRegionSize                         = 2097152                                   {product} {ergonomic}
    uintx GCDrainStackTargetSize                   = 64                                        {product} {ergonomic}
   size_t InitialHeapSize                          = 268435456                                 {product} {ergonomic}
   size_t MarkStackSize                            = 4194304                                   {product} {ergonomic}
   size_t MaxHeapSize                              = 4282384384                                {product} {ergonomic}
   size_t MaxNewSize                               = 2569011200                                {product} {ergonomic}
   size_t MinHeapDeltaBytes                        = 2097152                                   {product} {ergonomic}
   size_t MinHeapSize                              = 8388608                                   {product} {ergonomic}
    uintx NonNMethodCodeHeapSize                   = 5839372                                {pd product} {ergonomic}
    uintx NonProfiledCodeHeapSize                  = 122909434                              {pd product} {ergonomic}
    uintx ProfiledCodeHeapSize                     = 122909434                              {pd product} {ergonomic}
    uintx ReservedCodeCacheSize                    = 251658240                              {pd product} {ergonomic}
     bool SegmentedCodeCache                       = true                                      {product} {ergonomic}
   size_t SoftMaxHeapSize                          = 4282384384                             {manageable} {ergonomic}
     bool UseCompressedClassPointers               = true                           {product lp64_product} {ergonomic}
     bool UseCompressedOops                        = true                           {product lp64_product} {ergonomic}
     bool UseG1GC                                  = true                                      {product} {ergonomic}
     bool UseLargePagesIndividualAllocation        = false                                  {pd product} {ergonomic}

Logging:
Log output configuration:
 #0: stdout all=warning uptime,level,tags
 #1: stderr all=off uptime,level,tags

Environment Variables:
PATH=C:\Windows\system32;C:\Windows;C:\Windows\System32\Wbem;C:\Windows\System32\WindowsPowerShell\v1.0\;C:\Windows\System32\OpenSSH\;C:\Program Files\Git\cmd;C:\ffmpeg\ffmpeg-N-101901-gb593abda6c-win64-gpl\bin;C:\Program Files\dotnet\;C:\Program Files (x86)\QuickTime\QTSystem\;C:\Program Files\nodejs\;C:\ProgramData\chocolatey\bin;C:\Program Files\PuTTY\;C:\Program Files\CMake\bin;C:\Users\janst\AppData\Local\Programs\Python\Python36-32\Scripts\;C:\Users\janst\AppData\Local\Programs\Python\Python36-32\;C:\Users\janst\AppData\Local\Microsoft\WindowsApps;C:\Users\janst\AppData\Local\Programs\Microsoft VS Code\bin;C:\ffmpeg\ffmpeg-N-101901-gb593abda6c-win64-gpl\bin;C:\Users\janst\.dotnet\tools;C:\Users\janst\AppData\Roaming\npm;C:\Program Files\JetBrains\IntelliJ IDEA Community Edition 2022.2.3\bin;
USERNAME=janst
LANG=ZZ
OS=Windows_NT
PROCESSOR_IDENTIFIER=AMD64 Family 23 Model 113 Stepping 0, AuthenticAMD
TMP=C:\Users\janst\AppData\Local\Temp
TEMP=C:\Users\janst\AppData\Local\Temp



---------------  S Y S T E M  ---------------

OS:
 Windows 10 , 64 bit Build 19041 (10.0.19041.2788)
OS uptime: 4 days 3:49 hours

CPU: total 12 (initial active 12) (12 cores per cpu, 2 threads per core) family 23 model 113 stepping 0 microcode 0x0, cx8, cmov, fxsr, ht, mmx, 3dnowpref, sse, sse2, sse3, ssse3, sse4a, sse4.1, sse4.2, popcnt, lzcnt, tsc, tscinvbit, avx, avx2, aes, clmul, bmi1, bmi2, adx, sha, fma, vzeroupper, clflush, clflushopt

Memory: 4k page, system-wide physical 16334M (2660M free)
TotalPageFile size 28873M (AvailPageFile size 4588M)
current process WorkingSet (physical memory assigned to process): 249M, peak: 249M
current process commit charge ("private bytes"): 441M, peak: 443M

vm_info: OpenJDK 64-Bit Server VM (17.0.4.1+7-b469.62) for windows-amd64 JRE (17.0.4.1+7-b469.62), built on 2022-09-22 by "builduser" with MS VC++ 16.10 / 16.11 (VS2019)

END.
